This is pdfTeX, Version 3.14159265-2.6-1.40.16 (TeX Live 2015) (preloaded format=pdflatex 2015.7.25)  22 NOV 2015 23:54
entering extended mode
 restricted \write18 enabled.
 %&-line parsing enabled.
**gene.tex -recorder
(./gene.tex
LaTeX2e <2015/01/01>
Babel <3.9l> and hyphenation patterns for 21 languages loaded.
(/usr/local/texlive/2015basic/texmf-dist/tex/latex/base/article.cls
Document Class: article 2014/09/29 v1.4h Standard LaTeX document class
(/usr/local/texlive/2015basic/texmf-dist/tex/latex/base/size10.clo
File: size10.clo 2014/09/29 v1.4h Standard LaTeX file (size option)
)
\c@part=\count79
\c@section=\count80
\c@subsection=\count81
\c@subsubsection=\count82
\c@paragraph=\count83
\c@subparagraph=\count84
\c@figure=\count85
\c@table=\count86
\abovecaptionskip=\skip41
\belowcaptionskip=\skip42
\bibindent=\dimen102
)
(/usr/local/texlive/2015basic/texmf-dist/tex/latex/graphics/graphicx.sty
Package: graphicx 2014/10/28 v1.0g Enhanced LaTeX Graphics (DPC,SPQR)

(/usr/local/texlive/2015basic/texmf-dist/tex/latex/graphics/keyval.sty
Package: keyval 2014/10/28 v1.15 key=value parser (DPC)
\KV@toks@=\toks14
)
(/usr/local/texlive/2015basic/texmf-dist/tex/latex/graphics/graphics.sty
Package: graphics 2014/10/28 v1.0p Standard LaTeX Graphics (DPC,SPQR)

(/usr/local/texlive/2015basic/texmf-dist/tex/latex/graphics/trig.sty
Package: trig 1999/03/16 v1.09 sin cos tan (DPC)
)
(/usr/local/texlive/2015basic/texmf-dist/tex/latex/latexconfig/graphics.cfg
File: graphics.cfg 2010/04/23 v1.9 graphics configuration of TeX Live
)
Package graphics Info: Driver file: pdftex.def on input line 94.

(/usr/local/texlive/2015basic/texmf-dist/tex/latex/pdftex-def/pdftex.def
File: pdftex.def 2011/05/27 v0.06d Graphics/color for pdfTeX

(/usr/local/texlive/2015basic/texmf-dist/tex/generic/oberdiek/infwarerr.sty
Package: infwarerr 2010/04/08 v1.3 Providing info/warning/error messages (HO)
)
(/usr/local/texlive/2015basic/texmf-dist/tex/generic/oberdiek/ltxcmds.sty
Package: ltxcmds 2011/11/09 v1.22 LaTeX kernel commands for general use (HO)
)
\Gread@gobject=\count87
))
\Gin@req@height=\dimen103
\Gin@req@width=\dimen104
)
(./adjustbox.sty
Package: adjustbox 2012/05/21 v1.0 Adjusting TeX boxes (trim, clip, ...)

(/usr/local/texlive/2015basic/texmf-dist/tex/latex/xkeyval/xkeyval.sty
Package: xkeyval 2014/12/03 v2.7a package option processing (HA)

(/usr/local/texlive/2015basic/texmf-dist/tex/generic/xkeyval/xkeyval.tex
(/usr/local/texlive/2015basic/texmf-dist/tex/generic/xkeyval/xkvutils.tex
\XKV@toks=\toks15
\XKV@tempa@toks=\toks16
)
\XKV@depth=\count88
File: xkeyval.tex 2014/12/03 v2.7a key=value parser (HA)
))
(./adjcalc.sty
Package: adjcalc 2012/05/16 v1.1 Provides advanced setlength with multiple back
-ends (calc, etex, pgfmath)
) (./trimclip.sty
Package: trimclip 2012/05/16 v1.0 Trim and clip general TeX material
 (./collectbox.sty
Package: collectbox 2012/05/17 v0.4b Collect macro arguments as boxes
\collectedbox=\box26
)
\tc@llx=\dimen105
\tc@lly=\dimen106
\tc@urx=\dimen107
\tc@ury=\dimen108
 (./tc-pgf.def
File: tc-pgf.def 2012/05/13 v1.0 trimclip fall-back clipping driver using PGF

(/usr/local/texlive/2015basic/texmf-dist/tex/latex/pgf/basiclayer/pgf.sty
(/usr/local/texlive/2015basic/texmf-dist/tex/latex/pgf/utilities/pgfrcs.sty
(/usr/local/texlive/2015basic/texmf-dist/tex/generic/pgf/utilities/pgfutil-comm
on.tex
\pgfutil@everybye=\toks17
\pgfutil@tempdima=\dimen109
\pgfutil@tempdimb=\dimen110

(/usr/local/texlive/2015basic/texmf-dist/tex/generic/pgf/utilities/pgfutil-comm
on-lists.tex))
(/usr/local/texlive/2015basic/texmf-dist/tex/generic/pgf/utilities/pgfutil-late
x.def
\pgfutil@abb=\box27
 (/usr/local/texlive/2015basic/texmf-dist/tex/latex/ms/everyshi.sty
Package: everyshi 2001/05/15 v3.00 EveryShipout Package (MS)
))
(/usr/local/texlive/2015basic/texmf-dist/tex/generic/pgf/utilities/pgfrcs.code.
tex
Package: pgfrcs 2013/12/20 v3.0.0 (rcs-revision 1.28)
))
Package: pgf 2013/12/18 v3.0.0 (rcs-revision 1.14)

(/usr/local/texlive/2015basic/texmf-dist/tex/latex/pgf/basiclayer/pgfcore.sty
(/usr/local/texlive/2015basic/texmf-dist/tex/latex/pgf/systemlayer/pgfsys.sty
(/usr/local/texlive/2015basic/texmf-dist/tex/generic/pgf/systemlayer/pgfsys.cod
e.tex
Package: pgfsys 2013/11/30 v3.0.0 (rcs-revision 1.47)

(/usr/local/texlive/2015basic/texmf-dist/tex/generic/pgf/utilities/pgfkeys.code
.tex
\pgfkeys@pathtoks=\toks18
\pgfkeys@temptoks=\toks19

(/usr/local/texlive/2015basic/texmf-dist/tex/generic/pgf/utilities/pgfkeysfilte
red.code.tex
\pgfkeys@tmptoks=\toks20
))
\pgf@x=\dimen111
\pgf@y=\dimen112
\pgf@xa=\dimen113
\pgf@ya=\dimen114
\pgf@xb=\dimen115
\pgf@yb=\dimen116
\pgf@xc=\dimen117
\pgf@yc=\dimen118
\w@pgf@writea=\write3
\r@pgf@reada=\read1
\c@pgf@counta=\count89
\c@pgf@countb=\count90
\c@pgf@countc=\count91
\c@pgf@countd=\count92
\t@pgf@toka=\toks21
\t@pgf@tokb=\toks22
\t@pgf@tokc=\toks23

(/usr/local/texlive/2015basic/texmf-dist/tex/generic/pgf/systemlayer/pgf.cfg
File: pgf.cfg 2008/05/14  (rcs-revision 1.7)
)
Driver file for pgf: pgfsys-pdftex.def

(/usr/local/texlive/2015basic/texmf-dist/tex/generic/pgf/systemlayer/pgfsys-pdf
tex.def
File: pgfsys-pdftex.def 2013/07/18  (rcs-revision 1.33)

(/usr/local/texlive/2015basic/texmf-dist/tex/generic/pgf/systemlayer/pgfsys-com
mon-pdf.def
File: pgfsys-common-pdf.def 2013/10/10  (rcs-revision 1.13)
)))
(/usr/local/texlive/2015basic/texmf-dist/tex/generic/pgf/systemlayer/pgfsyssoft
path.code.tex
File: pgfsyssoftpath.code.tex 2013/09/09  (rcs-revision 1.9)
\pgfsyssoftpath@smallbuffer@items=\count93
\pgfsyssoftpath@bigbuffer@items=\count94
)
(/usr/local/texlive/2015basic/texmf-dist/tex/generic/pgf/systemlayer/pgfsysprot
ocol.code.tex
File: pgfsysprotocol.code.tex 2006/10/16  (rcs-revision 1.4)
))
(/usr/local/texlive/2015basic/texmf-dist/tex/latex/xcolor/xcolor.sty
Package: xcolor 2007/01/21 v2.11 LaTeX color extensions (UK)

(/usr/local/texlive/2015basic/texmf-dist/tex/latex/latexconfig/color.cfg
File: color.cfg 2007/01/18 v1.5 color configuration of teTeX/TeXLive
)
Package xcolor Info: Driver file: pdftex.def on input line 225.
Package xcolor Info: Model `cmy' substituted by `cmy0' on input line 1337.
Package xcolor Info: Model `hsb' substituted by `rgb' on input line 1341.
Package xcolor Info: Model `RGB' extended on input line 1353.
Package xcolor Info: Model `HTML' substituted by `rgb' on input line 1355.
Package xcolor Info: Model `Hsb' substituted by `hsb' on input line 1356.
Package xcolor Info: Model `tHsb' substituted by `hsb' on input line 1357.
Package xcolor Info: Model `HSB' substituted by `hsb' on input line 1358.
Package xcolor Info: Model `Gray' substituted by `gray' on input line 1359.
Package xcolor Info: Model `wave' substituted by `hsb' on input line 1360.
)
(/usr/local/texlive/2015basic/texmf-dist/tex/generic/pgf/basiclayer/pgfcore.cod
e.tex
Package: pgfcore 2010/04/11 v3.0.0 (rcs-revision 1.7)

(/usr/local/texlive/2015basic/texmf-dist/tex/generic/pgf/math/pgfmath.code.tex
(/usr/local/texlive/2015basic/texmf-dist/tex/generic/pgf/math/pgfmathcalc.code.
tex
(/usr/local/texlive/2015basic/texmf-dist/tex/generic/pgf/math/pgfmathutil.code.
tex)
(/usr/local/texlive/2015basic/texmf-dist/tex/generic/pgf/math/pgfmathparser.cod
e.tex
\pgfmath@dimen=\dimen119
\pgfmath@count=\count95
\pgfmath@box=\box28
\pgfmath@toks=\toks24
\pgfmath@stack@operand=\toks25
\pgfmath@stack@operation=\toks26
)
(/usr/local/texlive/2015basic/texmf-dist/tex/generic/pgf/math/pgfmathfunctions.
code.tex
(/usr/local/texlive/2015basic/texmf-dist/tex/generic/pgf/math/pgfmathfunctions.
basic.code.tex)
(/usr/local/texlive/2015basic/texmf-dist/tex/generic/pgf/math/pgfmathfunctions.
trigonometric.code.tex)
(/usr/local/texlive/2015basic/texmf-dist/tex/generic/pgf/math/pgfmathfunctions.
random.code.tex)
(/usr/local/texlive/2015basic/texmf-dist/tex/generic/pgf/math/pgfmathfunctions.
comparison.code.tex)
(/usr/local/texlive/2015basic/texmf-dist/tex/generic/pgf/math/pgfmathfunctions.
base.code.tex)
(/usr/local/texlive/2015basic/texmf-dist/tex/generic/pgf/math/pgfmathfunctions.
round.code.tex)
(/usr/local/texlive/2015basic/texmf-dist/tex/generic/pgf/math/pgfmathfunctions.
misc.code.tex)
(/usr/local/texlive/2015basic/texmf-dist/tex/generic/pgf/math/pgfmathfunctions.
integerarithmetics.code.tex)))
(/usr/local/texlive/2015basic/texmf-dist/tex/generic/pgf/math/pgfmathfloat.code
.tex
\c@pgfmathroundto@lastzeros=\count96
))
(/usr/local/texlive/2015basic/texmf-dist/tex/generic/pgf/basiclayer/pgfcorepoin
ts.code.tex
File: pgfcorepoints.code.tex 2013/10/07  (rcs-revision 1.27)
\pgf@picminx=\dimen120
\pgf@picmaxx=\dimen121
\pgf@picminy=\dimen122
\pgf@picmaxy=\dimen123
\pgf@pathminx=\dimen124
\pgf@pathmaxx=\dimen125
\pgf@pathminy=\dimen126
\pgf@pathmaxy=\dimen127
\pgf@xx=\dimen128
\pgf@xy=\dimen129
\pgf@yx=\dimen130
\pgf@yy=\dimen131
\pgf@zx=\dimen132
\pgf@zy=\dimen133
)
(/usr/local/texlive/2015basic/texmf-dist/tex/generic/pgf/basiclayer/pgfcorepath
construct.code.tex
File: pgfcorepathconstruct.code.tex 2013/10/07  (rcs-revision 1.29)
\pgf@path@lastx=\dimen134
\pgf@path@lasty=\dimen135
)
(/usr/local/texlive/2015basic/texmf-dist/tex/generic/pgf/basiclayer/pgfcorepath
usage.code.tex
File: pgfcorepathusage.code.tex 2013/12/13  (rcs-revision 1.23)
\pgf@shorten@end@additional=\dimen136
\pgf@shorten@start@additional=\dimen137
)
(/usr/local/texlive/2015basic/texmf-dist/tex/generic/pgf/basiclayer/pgfcorescop
es.code.tex
File: pgfcorescopes.code.tex 2013/10/09  (rcs-revision 1.44)
\pgfpic=\box29
\pgf@hbox=\box30
\pgf@layerbox@main=\box31
\pgf@picture@serial@count=\count97
)
(/usr/local/texlive/2015basic/texmf-dist/tex/generic/pgf/basiclayer/pgfcoregrap
hicstate.code.tex
File: pgfcoregraphicstate.code.tex 2013/09/19  (rcs-revision 1.11)
\pgflinewidth=\dimen138
)
(/usr/local/texlive/2015basic/texmf-dist/tex/generic/pgf/basiclayer/pgfcoretran
sformations.code.tex
File: pgfcoretransformations.code.tex 2013/10/10  (rcs-revision 1.17)
\pgf@pt@x=\dimen139
\pgf@pt@y=\dimen140
\pgf@pt@temp=\dimen141
)
(/usr/local/texlive/2015basic/texmf-dist/tex/generic/pgf/basiclayer/pgfcorequic
k.code.tex
File: pgfcorequick.code.tex 2008/10/09  (rcs-revision 1.3)
)
(/usr/local/texlive/2015basic/texmf-dist/tex/generic/pgf/basiclayer/pgfcoreobje
cts.code.tex
File: pgfcoreobjects.code.tex 2006/10/11  (rcs-revision 1.2)
)
(/usr/local/texlive/2015basic/texmf-dist/tex/generic/pgf/basiclayer/pgfcorepath
processing.code.tex
File: pgfcorepathprocessing.code.tex 2013/09/09  (rcs-revision 1.9)
)
(/usr/local/texlive/2015basic/texmf-dist/tex/generic/pgf/basiclayer/pgfcorearro
ws.code.tex
File: pgfcorearrows.code.tex 2013/11/07  (rcs-revision 1.40)
\pgfarrowsep=\dimen142
)
(/usr/local/texlive/2015basic/texmf-dist/tex/generic/pgf/basiclayer/pgfcoreshad
e.code.tex
File: pgfcoreshade.code.tex 2013/07/15  (rcs-revision 1.15)
\pgf@max=\dimen143
\pgf@sys@shading@range@num=\count98
)
(/usr/local/texlive/2015basic/texmf-dist/tex/generic/pgf/basiclayer/pgfcoreimag
e.code.tex
File: pgfcoreimage.code.tex 2013/07/15  (rcs-revision 1.18)

(/usr/local/texlive/2015basic/texmf-dist/tex/generic/pgf/basiclayer/pgfcoreexte
rnal.code.tex
File: pgfcoreexternal.code.tex 2013/07/15  (rcs-revision 1.20)
\pgfexternal@startupbox=\box32
))
(/usr/local/texlive/2015basic/texmf-dist/tex/generic/pgf/basiclayer/pgfcorelaye
rs.code.tex
File: pgfcorelayers.code.tex 2013/07/18  (rcs-revision 1.7)
)
(/usr/local/texlive/2015basic/texmf-dist/tex/generic/pgf/basiclayer/pgfcoretran
sparency.code.tex
File: pgfcoretransparency.code.tex 2013/09/30  (rcs-revision 1.5)
)
(/usr/local/texlive/2015basic/texmf-dist/tex/generic/pgf/basiclayer/pgfcorepatt
erns.code.tex
File: pgfcorepatterns.code.tex 2013/11/07  (rcs-revision 1.5)
)))
(/usr/local/texlive/2015basic/texmf-dist/tex/generic/pgf/modules/pgfmoduleshape
s.code.tex
File: pgfmoduleshapes.code.tex 2013/10/31  (rcs-revision 1.34)
\pgfnodeparttextbox=\box33
)
(/usr/local/texlive/2015basic/texmf-dist/tex/generic/pgf/modules/pgfmoduleplot.
code.tex
File: pgfmoduleplot.code.tex 2013/07/31  (rcs-revision 1.12)
)
(/usr/local/texlive/2015basic/texmf-dist/tex/latex/pgf/compatibility/pgfcomp-ve
rsion-0-65.sty
Package: pgfcomp-version-0-65 2007/07/03 v3.0.0 (rcs-revision 1.7)
\pgf@nodesepstart=\dimen144
\pgf@nodesepend=\dimen145
)
(/usr/local/texlive/2015basic/texmf-dist/tex/latex/pgf/compatibility/pgfcomp-ve
rsion-1-18.sty
Package: pgfcomp-version-1-18 2007/07/23 v3.0.0 (rcs-revision 1.1)
)))
Package trimclip Info: No clipping driver 'tc-pdftex.def' available.
(trimclip)             Using fall-back PGF driver.
)
\adjbox@Width=\dimen146
\adjbox@Height=\dimen147
\adjbox@Depth=\dimen148
\adjbox@Totalheight=\dimen149
)
(/usr/local/texlive/2015basic/texmf-dist/tex/latex/tools/enumerate.sty
Package: enumerate 2014/10/28 v3.00 enumerate extensions (DPC)
\@enLab=\toks27
)
(/usr/local/texlive/2015basic/texmf-dist/tex/latex/geometry/geometry.sty
Package: geometry 2010/09/12 v5.6 Page Geometry

(/usr/local/texlive/2015basic/texmf-dist/tex/generic/oberdiek/ifpdf.sty
Package: ifpdf 2011/01/30 v2.3 Provides the ifpdf switch (HO)
Package ifpdf Info: pdfTeX in PDF mode is detected.
)
(/usr/local/texlive/2015basic/texmf-dist/tex/generic/oberdiek/ifvtex.sty
Package: ifvtex 2010/03/01 v1.5 Detect VTeX and its facilities (HO)
Package ifvtex Info: VTeX not detected.
)
(/usr/local/texlive/2015basic/texmf-dist/tex/generic/ifxetex/ifxetex.sty
Package: ifxetex 2010/09/12 v0.6 Provides ifxetex conditional
)
\Gm@cnth=\count99
\Gm@cntv=\count100
\c@Gm@tempcnt=\count101
\Gm@bindingoffset=\dimen150
\Gm@wd@mp=\dimen151
\Gm@odd@mp=\dimen152
\Gm@even@mp=\dimen153
\Gm@layoutwidth=\dimen154
\Gm@layoutheight=\dimen155
\Gm@layouthoffset=\dimen156
\Gm@layoutvoffset=\dimen157
\Gm@dimlist=\toks28
)
(/usr/local/texlive/2015basic/texmf-dist/tex/latex/amsmath/amsmath.sty
Package: amsmath 2013/01/14 v2.14 AMS math features
\@mathmargin=\skip43

For additional information on amsmath, use the `?' option.
(/usr/local/texlive/2015basic/texmf-dist/tex/latex/amsmath/amstext.sty
Package: amstext 2000/06/29 v2.01

(/usr/local/texlive/2015basic/texmf-dist/tex/latex/amsmath/amsgen.sty
File: amsgen.sty 1999/11/30 v2.0
\@emptytoks=\toks29
\ex@=\dimen158
))
(/usr/local/texlive/2015basic/texmf-dist/tex/latex/amsmath/amsbsy.sty
Package: amsbsy 1999/11/29 v1.2d
\pmbraise@=\dimen159
)
(/usr/local/texlive/2015basic/texmf-dist/tex/latex/amsmath/amsopn.sty
Package: amsopn 1999/12/14 v2.01 operator names
)
\inf@bad=\count102
LaTeX Info: Redefining \frac on input line 210.
\uproot@=\count103
\leftroot@=\count104
LaTeX Info: Redefining \overline on input line 306.
\classnum@=\count105
\DOTSCASE@=\count106
LaTeX Info: Redefining \ldots on input line 378.
LaTeX Info: Redefining \dots on input line 381.
LaTeX Info: Redefining \cdots on input line 466.
\Mathstrutbox@=\box34
\strutbox@=\box35
\big@size=\dimen160
LaTeX Font Info:    Redeclaring font encoding OML on input line 566.
LaTeX Font Info:    Redeclaring font encoding OMS on input line 567.
\macc@depth=\count107
\c@MaxMatrixCols=\count108
\dotsspace@=\muskip10
\c@parentequation=\count109
\dspbrk@lvl=\count110
\tag@help=\toks30
\row@=\count111
\column@=\count112
\maxfields@=\count113
\andhelp@=\toks31
\eqnshift@=\dimen161
\alignsep@=\dimen162
\tagshift@=\dimen163
\tagwidth@=\dimen164
\totwidth@=\dimen165
\lineht@=\dimen166
\@envbody=\toks32
\multlinegap=\skip44
\multlinetaggap=\skip45
\mathdisplay@stack=\toks33
LaTeX Info: Redefining \[ on input line 2665.
LaTeX Info: Redefining \] on input line 2666.
)
(/usr/local/texlive/2015basic/texmf-dist/tex/latex/amsfonts/amssymb.sty
Package: amssymb 2013/01/14 v3.01 AMS font symbols

(/usr/local/texlive/2015basic/texmf-dist/tex/latex/amsfonts/amsfonts.sty
Package: amsfonts 2013/01/14 v3.01 Basic AMSFonts support
\symAMSa=\mathgroup4
\symAMSb=\mathgroup5
LaTeX Font Info:    Overwriting math alphabet `\mathfrak' in version `bold'
(Font)                  U/euf/m/n --> U/euf/b/n on input line 106.
))
(/usr/local/texlive/2015basic/texmf-dist/tex/latex/eurosym/eurosym.sty
Package: eurosym 1998/08/06 v1.1 European currency symbol ``Euro''
\@eurobox=\box36
)
(./ucs.sty
Package: ucs 2013/05/11 v2.2 UCS: Unicode input support
 (./uni-global.def
File: uni-global.def 2013/05/13 UCS: Unicode global data
)
\uc@secondtry=\count114
\uc@combtoks=\toks34
\uc@combtoksb=\toks35
\uc@temptokena=\toks36
)
(/usr/local/texlive/2015basic/texmf-dist/tex/latex/base/inputenc.sty
Package: inputenc 2015/03/17 v1.2c Input encoding file
\inpenc@prehook=\toks37
\inpenc@posthook=\toks38

(./utf8x.def
File: utf8x.def 2004/10/17 UCS: Input encoding UTF-8
))
(/usr/local/texlive/2015basic/texmf-dist/tex/latex/fancyvrb/fancyvrb.sty
Package: fancyvrb 2008/02/07

Style option: `fancyvrb' v2.7a, with DG/SPQR fixes, and firstline=lastline fix 
<2008/02/07> (tvz)
\FV@CodeLineNo=\count115
\FV@InFile=\read2
\FV@TabBox=\box37
\c@FancyVerbLine=\count116
\FV@StepNumber=\count117
\FV@OutFile=\write4
)
(/usr/local/texlive/2015basic/texmf-dist/tex/latex/oberdiek/grffile.sty
Package: grffile 2012/04/05 v1.16 Extended file name support for graphics (HO)

(/usr/local/texlive/2015basic/texmf-dist/tex/latex/oberdiek/kvoptions.sty
Package: kvoptions 2011/06/30 v3.11 Key value format for package options (HO)

(/usr/local/texlive/2015basic/texmf-dist/tex/generic/oberdiek/kvsetkeys.sty
Package: kvsetkeys 2012/04/25 v1.16 Key value parser (HO)

(/usr/local/texlive/2015basic/texmf-dist/tex/generic/oberdiek/etexcmds.sty
Package: etexcmds 2011/02/16 v1.5 Avoid name clashes with e-TeX commands (HO)

(/usr/local/texlive/2015basic/texmf-dist/tex/generic/oberdiek/ifluatex.sty
Package: ifluatex 2010/03/01 v1.3 Provides the ifluatex switch (HO)
Package ifluatex Info: LuaTeX not detected.
)
Package etexcmds Info: Could not find \expanded.
(etexcmds)             That can mean that you are not using pdfTeX 1.50 or
(etexcmds)             that some package has redefined \expanded.
(etexcmds)             In the latter case, load this package earlier.
)))
(/usr/local/texlive/2015basic/texmf-dist/tex/generic/oberdiek/pdftexcmds.sty
Package: pdftexcmds 2011/11/29 v0.20 Utility functions of pdfTeX for LuaTeX (HO
)
Package pdftexcmds Info: LuaTeX not detected.
Package pdftexcmds Info: \pdf@primitive is available.
Package pdftexcmds Info: \pdf@ifprimitive is available.
Package pdftexcmds Info: \pdfdraftmode found.
)
Package grffile Info: Option `multidot' is set to `true'.
Package grffile Info: Option `extendedchars' is set to `false'.
Package grffile Info: Option `space' is set to `true'.
Package grffile Info: \Gin@ii of package `graphicx' fixed on input line 486.
)
(/usr/local/texlive/2015basic/texmf-dist/tex/latex/hyperref/hyperref.sty
Package: hyperref 2012/11/06 v6.83m Hypertext links for LaTeX

(/usr/local/texlive/2015basic/texmf-dist/tex/generic/oberdiek/hobsub-hyperref.s
ty
Package: hobsub-hyperref 2012/05/28 v1.13 Bundle oberdiek, subset hyperref (HO)


(/usr/local/texlive/2015basic/texmf-dist/tex/generic/oberdiek/hobsub-generic.st
y
Package: hobsub-generic 2012/05/28 v1.13 Bundle oberdiek, subset generic (HO)
Package: hobsub 2012/05/28 v1.13 Construct package bundles (HO)
Package hobsub Info: Skipping package `infwarerr' (already loaded).
Package hobsub Info: Skipping package `ltxcmds' (already loaded).
Package hobsub Info: Skipping package `ifluatex' (already loaded).
Package hobsub Info: Skipping package `ifvtex' (already loaded).
Package: intcalc 2007/09/27 v1.1 Expandable calculations with integers (HO)
Package hobsub Info: Skipping package `ifpdf' (already loaded).
Package hobsub Info: Skipping package `etexcmds' (already loaded).
Package hobsub Info: Skipping package `kvsetkeys' (already loaded).
Package: kvdefinekeys 2011/04/07 v1.3 Define keys (HO)
Package hobsub Info: Skipping package `pdftexcmds' (already loaded).
Package: pdfescape 2011/11/25 v1.13 Implements pdfTeX's escape features (HO)
Package: bigintcalc 2012/04/08 v1.3 Expandable calculations on big integers (HO
)
Package: bitset 2011/01/30 v1.1 Handle bit-vector datatype (HO)
Package: uniquecounter 2011/01/30 v1.2 Provide unlimited unique counter (HO)
)
Package hobsub Info: Skipping package `hobsub' (already loaded).
Package: letltxmacro 2010/09/02 v1.4 Let assignment for LaTeX macros (HO)
Package: hopatch 2012/05/28 v1.2 Wrapper for package hooks (HO)
Package: xcolor-patch 2011/01/30 xcolor patch
Package: atveryend 2011/06/30 v1.8 Hooks at the very end of document (HO)
Package atveryend Info: \enddocument detected (standard20110627).
Package: atbegshi 2011/10/05 v1.16 At begin shipout hook (HO)
Package: refcount 2011/10/16 v3.4 Data extraction from label references (HO)
Package: hycolor 2011/01/30 v1.7 Color options for hyperref/bookmark (HO)
) (/usr/local/texlive/2015basic/texmf-dist/tex/latex/oberdiek/auxhook.sty
Package: auxhook 2011/03/04 v1.3 Hooks for auxiliary files (HO)
)
\@linkdim=\dimen167
\Hy@linkcounter=\count118
\Hy@pagecounter=\count119

(/usr/local/texlive/2015basic/texmf-dist/tex/latex/hyperref/pd1enc.def
File: pd1enc.def 2012/11/06 v6.83m Hyperref: PDFDocEncoding definition (HO)
)
\Hy@SavedSpaceFactor=\count120

(/usr/local/texlive/2015basic/texmf-dist/tex/latex/latexconfig/hyperref.cfg
File: hyperref.cfg 2002/06/06 v1.2 hyperref configuration of TeXLive
)
Package hyperref Info: Hyper figures OFF on input line 4443.
Package hyperref Info: Link nesting OFF on input line 4448.
Package hyperref Info: Hyper index ON on input line 4451.
Package hyperref Info: Plain pages OFF on input line 4458.
Package hyperref Info: Backreferencing OFF on input line 4463.
Package hyperref Info: Implicit mode ON; LaTeX internals redefined.
Package hyperref Info: Bookmarks ON on input line 4688.
\c@Hy@tempcnt=\count121

(/usr/local/texlive/2015basic/texmf-dist/tex/latex/url/url.sty
\Urlmuskip=\muskip11
Package: url 2013/09/16  ver 3.4  Verb mode for urls, etc.
)
LaTeX Info: Redefining \url on input line 5041.
\XeTeXLinkMargin=\dimen168
\Fld@menulength=\count122
\Field@Width=\dimen169
\Fld@charsize=\dimen170
Package hyperref Info: Hyper figures OFF on input line 6295.
Package hyperref Info: Link nesting OFF on input line 6300.
Package hyperref Info: Hyper index ON on input line 6303.
Package hyperref Info: backreferencing OFF on input line 6310.
Package hyperref Info: Link coloring OFF on input line 6315.
Package hyperref Info: Link coloring with OCG OFF on input line 6320.
Package hyperref Info: PDF/A mode OFF on input line 6325.
LaTeX Info: Redefining \ref on input line 6365.
LaTeX Info: Redefining \pageref on input line 6369.
\Hy@abspage=\count123
\c@Item=\count124
\c@Hfootnote=\count125
)

Package hyperref Message: Driver (autodetected): hpdftex.

(/usr/local/texlive/2015basic/texmf-dist/tex/latex/hyperref/hpdftex.def
File: hpdftex.def 2012/11/06 v6.83m Hyperref driver for pdfTeX
\Fld@listcount=\count126
\c@bookmark@seq@number=\count127

(/usr/local/texlive/2015basic/texmf-dist/tex/latex/oberdiek/rerunfilecheck.sty
Package: rerunfilecheck 2011/04/15 v1.7 Rerun checks for auxiliary files (HO)
Package uniquecounter Info: New unique counter `rerunfilecheck' on input line 2
82.
)
\Hy@SectionHShift=\skip46
) (/usr/local/texlive/2015basic/texmf-dist/tex/latex/tools/longtable.sty
Package: longtable 2014/10/28 v4.11 Multi-page Table package (DPC)
\LTleft=\skip47
\LTright=\skip48
\LTpre=\skip49
\LTpost=\skip50
\LTchunksize=\count128
\LTcapwidth=\dimen171
\LT@head=\box38
\LT@firsthead=\box39
\LT@foot=\box40
\LT@lastfoot=\box41
\LT@cols=\count129
\LT@rows=\count130
\c@LT@tables=\count131
\c@LT@chunks=\count132
\LT@p@ftn=\toks39
)
(/usr/local/texlive/2015basic/texmf-dist/tex/latex/booktabs/booktabs.sty
Package: booktabs 2005/04/14 v1.61803 publication quality tables
\heavyrulewidth=\dimen172
\lightrulewidth=\dimen173
\cmidrulewidth=\dimen174
\belowrulesep=\dimen175
\belowbottomsep=\dimen176
\aboverulesep=\dimen177
\abovetopsep=\dimen178
\cmidrulesep=\dimen179
\cmidrulekern=\dimen180
\defaultaddspace=\dimen181
\@cmidla=\count133
\@cmidlb=\count134
\@aboverulesep=\dimen182
\@belowrulesep=\dimen183
\@thisruleclass=\count135
\@lastruleclass=\count136
\@thisrulewidth=\dimen184
)
(/usr/local/texlive/2015basic/texmf-dist/tex/generic/ulem/ulem.sty
\UL@box=\box42
\UL@hyphenbox=\box43
\UL@skip=\skip51
\UL@hook=\toks40
\UL@height=\dimen185
\UL@pe=\count137
\UL@pixel=\dimen186
\ULC@box=\box44
Package: ulem 2012/05/18
\ULdepth=\dimen187
)
Package hyperref Info: Option `breaklinks' set `true' on input line 235.
Package hyperref Info: Option `colorlinks' set `true' on input line 235.
 (./gene.aux)
\openout1 = `gene.aux'.

LaTeX Font Info:    Checking defaults for OML/cmm/m/it on input line 242.
LaTeX Font Info:    ... okay on input line 242.
LaTeX Font Info:    Checking defaults for T1/cmr/m/n on input line 242.
LaTeX Font Info:    ... okay on input line 242.
LaTeX Font Info:    Checking defaults for OT1/cmr/m/n on input line 242.
LaTeX Font Info:    ... okay on input line 242.
LaTeX Font Info:    Checking defaults for OMS/cmsy/m/n on input line 242.
LaTeX Font Info:    ... okay on input line 242.
LaTeX Font Info:    Checking defaults for OMX/cmex/m/n on input line 242.
LaTeX Font Info:    ... okay on input line 242.
LaTeX Font Info:    Checking defaults for U/cmr/m/n on input line 242.
LaTeX Font Info:    ... okay on input line 242.
LaTeX Font Info:    Checking defaults for PD1/pdf/m/n on input line 242.
LaTeX Font Info:    ... okay on input line 242.
 (/usr/local/texlive/2015basic/texmf-dist/tex/context/base/supp-pdf.mkii
[Loading MPS to PDF converter (version 2006.09.02).]
\scratchcounter=\count138
\scratchdimen=\dimen188
\scratchbox=\box45
\nofMPsegments=\count139
\nofMParguments=\count140
\everyMPshowfont=\toks41
\MPscratchCnt=\count141
\MPscratchDim=\dimen189
\MPnumerator=\count142
\makeMPintoPDFobject=\count143
\everyMPtoPDFconversion=\toks42
) (/usr/local/texlive/2015basic/texmf-dist/tex/latex/oberdiek/epstopdf-base.sty
Package: epstopdf-base 2010/02/09 v2.5 Base part for package epstopdf
(/usr/local/texlive/2015basic/texmf-dist/tex/latex/oberdiek/grfext.sty
Package: grfext 2010/08/19 v1.1 Manage graphics extensions (HO)
)
Package grfext Info: Graphics extension search list:
(grfext)             [.png,.pdf,.jpg,.mps,.jpeg,.jbig2,.jb2,.PNG,.PDF,.JPG,.JPE
G,.JBIG2,.JB2,.eps]
(grfext)             \AppendGraphicsExtensions on input line 452.

(/usr/local/texlive/2015basic/texmf-dist/tex/latex/latexconfig/epstopdf-sys.cfg
File: epstopdf-sys.cfg 2010/07/13 v1.3 Configuration of (r)epstopdf for TeX Liv
e
)) ABD: EveryShipout initializing macros
*geometry* driver: auto-detecting
*geometry* detected driver: pdftex

Package geometry Warning: The marginal notes overrun the paper.
     Add 3.73001pt and more to the right margin.

*geometry* verbose mode - [ preamble ] result:
* driver: pdftex
* paper: <default>
* layout: <same size as paper>
* layoutoffset:(h,v)=(0.0pt,0.0pt)
* modes: 
* h-part:(L,W,R)=(72.26999pt, 469.75502pt, 72.26999pt)
* v-part:(T,H,B)=(72.26999pt, 650.43001pt, 72.26999pt)
* \paperwidth=614.295pt
* \paperheight=794.96999pt
* \textwidth=469.75502pt
* \textheight=650.43001pt
* \oddsidemargin=0.0pt
* \evensidemargin=0.0pt
* \topmargin=-37.0pt
* \headheight=12.0pt
* \headsep=25.0pt
* \topskip=10.0pt
* \footskip=30.0pt
* \marginparwidth=65.0pt
* \marginparsep=11.0pt
* \columnsep=10.0pt
* \skip\footins=9.0pt plus 4.0pt minus 2.0pt
* \hoffset=0.0pt
* \voffset=0.0pt
* \mag=1000
* \@twocolumnfalse
* \@twosidefalse
* \@mparswitchfalse
* \@reversemarginfalse
* (1in=72.27pt=25.4mm, 1cm=28.453pt)

(./ucsencs.def
File: ucsencs.def 2003/11/29 Fixes to fontencodings LGR, T3
)
\AtBeginShipoutBox=\box46
Package hyperref Info: Link coloring ON on input line 242.

(/usr/local/texlive/2015basic/texmf-dist/tex/latex/hyperref/nameref.sty
Package: nameref 2012/10/27 v2.43 Cross-referencing by name of section

(/usr/local/texlive/2015basic/texmf-dist/tex/generic/oberdiek/gettitlestring.st
y
Package: gettitlestring 2010/12/03 v1.4 Cleanup title references (HO)
)
\c@section@level=\count144
)
LaTeX Info: Redefining \ref on input line 242.
LaTeX Info: Redefining \pageref on input line 242.
LaTeX Info: Redefining \nameref on input line 242.
 (./gene.out) (./gene.out)
\@outlinefile=\write5
\openout5 = `gene.out'.

LaTeX Font Info:    Try loading font information for U+msa on input line 246.

(/usr/local/texlive/2015basic/texmf-dist/tex/latex/amsfonts/umsa.fd
File: umsa.fd 2013/01/14 v3.01 AMS symbols A
)
LaTeX Font Info:    Try loading font information for U+msb on input line 246.

(/usr/local/texlive/2015basic/texmf-dist/tex/latex/amsfonts/umsb.fd
File: umsb.fd 2013/01/14 v3.01 AMS symbols B
)

LaTeX Warning: No \author given.

LaTeX Font Info:    Font shape `OT1/cmtt/bx/n' in size <10> not available
(Font)              Font shape `OT1/cmtt/m/n' tried instead on input line 264.
LaTeX Font Info:    Try loading font information for OMS+cmtt on input line 265
.
LaTeX Font Info:    No file OMScmtt.fd. on input line 265.

LaTeX Font Warning: Font shape `OMS/cmtt/m/n' undefined
(Font)              using `OMS/cmsy/m/n' instead
(Font)              for symbol `textbraceleft' on input line 265.

[1

{/usr/local/texlive/2015basic/texmf-var/fonts/map/pdftex/updmap/pdftex.map}]
<gene_files/gene_15_1.png, id=55, 725.71124pt x 480.79625pt>
File: gene_files/gene_15_1.png Graphic file (type png)

<use gene_files/gene_15_1.png>
Package pdftex.def Info: gene_files/gene_15_1.png used on input line 371.
(pdftex.def)             Requested size: 725.70947pt x 480.79506pt.
 [2]
Underfull \hbox (badness 10000) in paragraph at lines 373--374

 []

[3 <./gene_files/gene_15_1.png>] [4] [5] [6] [7] [8] [9] [10] [11]
<gene_files/gene_36_1.png, id=100, 729.72626pt x 505.89pt>
File: gene_files/gene_36_1.png Graphic file (type png)

<use gene_files/gene_36_1.png>
Package pdftex.def Info: gene_files/gene_36_1.png used on input line 915.
(pdftex.def)             Requested size: 729.72449pt x 505.88875pt.

Underfull \hbox (badness 10000) in paragraph at lines 917--918

 []

<gene_files/gene_36_2.png, id=101, 729.72626pt x 505.89pt>
File: gene_files/gene_36_2.png Graphic file (type png)

<use gene_files/gene_36_2.png>
Package pdftex.def Info: gene_files/gene_36_2.png used on input line 920.
(pdftex.def)             Requested size: 729.72449pt x 505.88875pt.
 [12 <./gene_files/gene_36_1.png>]
Underfull \hbox (badness 10000) in paragraph at lines 922--923

 []

<gene_files/gene_36_3.png, id=107, 729.72626pt x 505.89pt>
File: gene_files/gene_36_3.png Graphic file (type png)

<use gene_files/gene_36_3.png>
Package pdftex.def Info: gene_files/gene_36_3.png used on input line 925.
(pdftex.def)             Requested size: 729.72449pt x 505.88875pt.

Underfull \hbox (badness 10000) in paragraph at lines 927--928

 []

<gene_files/gene_36_4.png, id=108, 729.72626pt x 505.89pt>
File: gene_files/gene_36_4.png Graphic file (type png)

<use gene_files/gene_36_4.png>
Package pdftex.def Info: gene_files/gene_36_4.png used on input line 930.
(pdftex.def)             Requested size: 729.72449pt x 505.88875pt.
 [13 <./gene_files/gene_36_2.png> <./gene_files/gene_36_3.png>]
Underfull \hbox (badness 10000) in paragraph at lines 932--933

 []

<gene_files/gene_38_1.png, id=116, 729.72626pt x 505.89pt>
File: gene_files/gene_38_1.png Graphic file (type png)

<use gene_files/gene_38_1.png>
Package pdftex.def Info: gene_files/gene_38_1.png used on input line 945.
(pdftex.def)             Requested size: 729.72449pt x 505.88875pt.
 [14 <./gene_files/gene_36_4.png>]
Underfull \hbox (badness 10000) in paragraph at lines 947--948

 []

<gene_files/gene_38_2.png, id=122, 729.72626pt x 505.89pt>
File: gene_files/gene_38_2.png Graphic file (type png)

<use gene_files/gene_38_2.png>
Package pdftex.def Info: gene_files/gene_38_2.png used on input line 950.
(pdftex.def)             Requested size: 729.72449pt x 505.88875pt.

Underfull \hbox (badness 10000) in paragraph at lines 952--953

 []

<gene_files/gene_38_3.png, id=123, 729.72626pt x 505.89pt>
File: gene_files/gene_38_3.png Graphic file (type png)

<use gene_files/gene_38_3.png>
Package pdftex.def Info: gene_files/gene_38_3.png used on input line 955.
(pdftex.def)             Requested size: 729.72449pt x 505.88875pt.
 [15 <./gene_files/gene_38_1.png> <./gene_files/gene_38_2.png>]
Underfull \hbox (badness 10000) in paragraph at lines 957--958

 []

<gene_files/gene_38_4.png, id=130, 729.72626pt x 505.89pt>
File: gene_files/gene_38_4.png Graphic file (type png)

<use gene_files/gene_38_4.png>
Package pdftex.def Info: gene_files/gene_38_4.png used on input line 960.
(pdftex.def)             Requested size: 729.72449pt x 505.88875pt.

Underfull \hbox (badness 10000) in paragraph at lines 962--963

 []

[16 <./gene_files/gene_38_3.png> <./gene_files/gene_38_4.png>]
<gene_files/gene_40_1.png, id=137, 729.72626pt x 505.89pt>
File: gene_files/gene_40_1.png Graphic file (type png)

<use gene_files/gene_40_1.png>
Package pdftex.def Info: gene_files/gene_40_1.png used on input line 975.
(pdftex.def)             Requested size: 729.72449pt x 505.88875pt.

Underfull \hbox (badness 10000) in paragraph at lines 977--978

 []

<gene_files/gene_40_2.png, id=138, 729.72626pt x 505.89pt>
File: gene_files/gene_40_2.png Graphic file (type png)

<use gene_files/gene_40_2.png>
Package pdftex.def Info: gene_files/gene_40_2.png used on input line 980.
(pdftex.def)             Requested size: 729.72449pt x 505.88875pt.
 [17 <./gene_files/gene_40_1.png>]
Underfull \hbox (badness 10000) in paragraph at lines 982--983

 []

<gene_files/gene_40_3.png, id=144, 729.72626pt x 505.89pt>
File: gene_files/gene_40_3.png Graphic file (type png)

<use gene_files/gene_40_3.png>
Package pdftex.def Info: gene_files/gene_40_3.png used on input line 985.
(pdftex.def)             Requested size: 729.72449pt x 505.88875pt.

Underfull \hbox (badness 10000) in paragraph at lines 987--988

 []

<gene_files/gene_40_4.png, id=145, 729.72626pt x 505.89pt>
File: gene_files/gene_40_4.png Graphic file (type png)

<use gene_files/gene_40_4.png>
Package pdftex.def Info: gene_files/gene_40_4.png used on input line 990.
(pdftex.def)             Requested size: 729.72449pt x 505.88875pt.
 [18 <./gene_files/gene_40_2.png> <./gene_files/gene_40_3.png>]
Underfull \hbox (badness 10000) in paragraph at lines 992--993

 []

<gene_files/gene_42_1.png, id=152, 729.72626pt x 505.89pt>
File: gene_files/gene_42_1.png Graphic file (type png)

<use gene_files/gene_42_1.png>
Package pdftex.def Info: gene_files/gene_42_1.png used on input line 1005.
(pdftex.def)             Requested size: 729.72449pt x 505.88875pt.
 [19 <./gene_files/gene_40_4.png>]
Underfull \hbox (badness 10000) in paragraph at lines 1007--1008

 []

<gene_files/gene_42_2.png, id=159, 729.72626pt x 505.89pt>
File: gene_files/gene_42_2.png Graphic file (type png)

<use gene_files/gene_42_2.png>
Package pdftex.def Info: gene_files/gene_42_2.png used on input line 1010.
(pdftex.def)             Requested size: 729.72449pt x 505.88875pt.

Underfull \hbox (badness 10000) in paragraph at lines 1012--1013

 []

<gene_files/gene_42_3.png, id=160, 729.72626pt x 505.89pt>
File: gene_files/gene_42_3.png Graphic file (type png)

<use gene_files/gene_42_3.png>
Package pdftex.def Info: gene_files/gene_42_3.png used on input line 1015.
(pdftex.def)             Requested size: 729.72449pt x 505.88875pt.
 [20 <./gene_files/gene_42_1.png> <./gene_files/gene_42_2.png>]
Underfull \hbox (badness 10000) in paragraph at lines 1017--1018

 []

<gene_files/gene_42_4.png, id=167, 729.72626pt x 505.89pt>
File: gene_files/gene_42_4.png Graphic file (type png)

<use gene_files/gene_42_4.png>
Package pdftex.def Info: gene_files/gene_42_4.png used on input line 1020.
(pdftex.def)             Requested size: 729.72449pt x 505.88875pt.

Underfull \hbox (badness 10000) in paragraph at lines 1022--1023

 []

[21 <./gene_files/gene_42_3.png> <./gene_files/gene_42_4.png>]
<gene_files/gene_45_1.png, id=174, 729.72626pt x 505.89pt>
File: gene_files/gene_45_1.png Graphic file (type png)

<use gene_files/gene_45_1.png>
Package pdftex.def Info: gene_files/gene_45_1.png used on input line 1038.
(pdftex.def)             Requested size: 729.72449pt x 505.88875pt.

Underfull \hbox (badness 10000) in paragraph at lines 1040--1041

 []

<gene_files/gene_45_2.png, id=175, 729.72626pt x 505.89pt>
File: gene_files/gene_45_2.png Graphic file (type png)

<use gene_files/gene_45_2.png>
Package pdftex.def Info: gene_files/gene_45_2.png used on input line 1043.
(pdftex.def)             Requested size: 729.72449pt x 505.88875pt.
 [22 <./gene_files/gene_45_1.png>]
Underfull \hbox (badness 10000) in paragraph at lines 1045--1046

 []

<gene_files/gene_45_3.png, id=181, 729.72626pt x 505.89pt>
File: gene_files/gene_45_3.png Graphic file (type png)

<use gene_files/gene_45_3.png>
Package pdftex.def Info: gene_files/gene_45_3.png used on input line 1048.
(pdftex.def)             Requested size: 729.72449pt x 505.88875pt.

Underfull \hbox (badness 10000) in paragraph at lines 1050--1051

 []

<gene_files/gene_45_4.png, id=182, 729.72626pt x 505.89pt>
File: gene_files/gene_45_4.png Graphic file (type png)

<use gene_files/gene_45_4.png>
Package pdftex.def Info: gene_files/gene_45_4.png used on input line 1053.
(pdftex.def)             Requested size: 729.72449pt x 505.88875pt.
 [23 <./gene_files/gene_45_2.png> <./gene_files/gene_45_3.png>]
Underfull \hbox (badness 10000) in paragraph at lines 1055--1056

 []

<gene_files/gene_52_1.png, id=189, 729.72626pt x 505.89pt>
File: gene_files/gene_52_1.png Graphic file (type png)

<use gene_files/gene_52_1.png>
Package pdftex.def Info: gene_files/gene_52_1.png used on input line 1098.
(pdftex.def)             Requested size: 729.72449pt x 505.88875pt.
 [24 <./gene_files/gene_45_4.png>]
Underfull \hbox (badness 10000) in paragraph at lines 1100--1101

 []

<gene_files/gene_52_2.png, id=196, 729.72626pt x 505.89pt>
File: gene_files/gene_52_2.png Graphic file (type png)

<use gene_files/gene_52_2.png>
Package pdftex.def Info: gene_files/gene_52_2.png used on input line 1103.
(pdftex.def)             Requested size: 729.72449pt x 505.88875pt.

Underfull \hbox (badness 10000) in paragraph at lines 1105--1106

 []

<gene_files/gene_52_3.png, id=197, 729.72626pt x 505.89pt>
File: gene_files/gene_52_3.png Graphic file (type png)

<use gene_files/gene_52_3.png>
Package pdftex.def Info: gene_files/gene_52_3.png used on input line 1108.
(pdftex.def)             Requested size: 729.72449pt x 505.88875pt.
 [25 <./gene_files/gene_52_1.png> <./gene_files/gene_52_2.png>]
Underfull \hbox (badness 10000) in paragraph at lines 1110--1111

 []

<gene_files/gene_52_4.png, id=205, 729.72626pt x 505.89pt>
File: gene_files/gene_52_4.png Graphic file (type png)

<use gene_files/gene_52_4.png>
Package pdftex.def Info: gene_files/gene_52_4.png used on input line 1113.
(pdftex.def)             Requested size: 729.72449pt x 505.88875pt.

Underfull \hbox (badness 10000) in paragraph at lines 1115--1116

 []

[26 <./gene_files/gene_52_3.png> <./gene_files/gene_52_4.png>] [27]
Package atveryend Info: Empty hook `BeforeClearDocument' on input line 1126.
Package atveryend Info: Empty hook `AfterLastShipout' on input line 1126.
 (./gene.aux)
Package atveryend Info: Executing hook `AtVeryEndDocument' on input line 1126.
Package atveryend Info: Executing hook `AtEndAfterFileList' on input line 1126.

Package rerunfilecheck Info: File `gene.out' has not changed.
(rerunfilecheck)             Checksum: BB13A89D5221091A174501C80B3B6898;561.


LaTeX Font Warning: Some font shapes were not available, defaults substituted.

Package atveryend Info: Empty hook `AtVeryVeryEnd' on input line 1126.
 ) 
Here is how much of TeX's memory you used:
 15678 strings out of 494501
 276638 string characters out of 6167030
 362933 words of memory out of 5000000
 18610 multiletter control sequences out of 15000+600000
 10246 words of font info for 40 fonts, out of 8000000 for 9000
 319 hyphenation exceptions out of 8191
 65i,6n,49p,893b,470s stack positions out of 5000i,500n,10000p,200000b,80000s
</usr/local/texlive/2015basic/texmf-dist/fonts/type1/public/amsfonts/cm/cmbx1
0.pfb></usr/local/texlive/2015basic/texmf-dist/fonts/type1/public/amsfonts/cm/c
mbx12.pfb></usr/local/texlive/2015basic/texmf-dist/fonts/type1/public/amsfonts/
cm/cmitt10.pfb></usr/local/texlive/2015basic/texmf-dist/fonts/type1/public/amsf
onts/cm/cmr10.pfb></usr/local/texlive/2015basic/texmf-dist/fonts/type1/public/a
msfonts/cm/cmr12.pfb></usr/local/texlive/2015basic/texmf-dist/fonts/type1/publi
c/amsfonts/cm/cmr17.pfb></usr/local/texlive/2015basic/texmf-dist/fonts/type1/pu
blic/amsfonts/cm/cmsy10.pfb></usr/local/texlive/2015basic/texmf-dist/fonts/type
1/public/amsfonts/cm/cmtt10.pfb>
Output written on gene.pdf (27 pages, 1203470 bytes).
PDF statistics:
 255 PDF objects out of 1000 (max. 8388607)
 166 compressed objects within 2 object streams
 37 named destinations out of 1000 (max. 500000)
 210 words of extra memory for PDF output out of 10000 (max. 10000000)

