This is pdfTeX, Version 3.14159265-2.6-1.40.16 (TeX Live 2015) (preloaded format=pdflatex 2015.7.25)  7 DEC 2015 09:54
entering extended mode
 restricted \write18 enabled.
 %&-line parsing enabled.
**main.tex
(./main.tex
LaTeX2e <2015/01/01>
Babel <3.9l> and hyphenation patterns for 21 languages loaded.
(/usr/local/texlive/2015basic/texmf-dist/tex/latex/base/article.cls
Document Class: article 2014/09/29 v1.4h Standard LaTeX document class
(/usr/local/texlive/2015basic/texmf-dist/tex/latex/base/size12.clo
File: size12.clo 2014/09/29 v1.4h Standard LaTeX file (size option)
)
\c@part=\count79
\c@section=\count80
\c@subsection=\count81
\c@subsubsection=\count82
\c@paragraph=\count83
\c@subparagraph=\count84
\c@figure=\count85
\c@table=\count86
\abovecaptionskip=\skip41
\belowcaptionskip=\skip42
\bibindent=\dimen102
)
(/usr/local/texlive/2015basic/texmf-dist/tex/latex/graphics/graphicx.sty
Package: graphicx 2014/10/28 v1.0g Enhanced LaTeX Graphics (DPC,SPQR)

(/usr/local/texlive/2015basic/texmf-dist/tex/latex/graphics/keyval.sty
Package: keyval 2014/10/28 v1.15 key=value parser (DPC)
\KV@toks@=\toks14
)
(/usr/local/texlive/2015basic/texmf-dist/tex/latex/graphics/graphics.sty
Package: graphics 2014/10/28 v1.0p Standard LaTeX Graphics (DPC,SPQR)

(/usr/local/texlive/2015basic/texmf-dist/tex/latex/graphics/trig.sty
Package: trig 1999/03/16 v1.09 sin cos tan (DPC)
)
(/usr/local/texlive/2015basic/texmf-dist/tex/latex/latexconfig/graphics.cfg
File: graphics.cfg 2010/04/23 v1.9 graphics configuration of TeX Live
)
Package graphics Info: Driver file: pdftex.def on input line 94.

(/usr/local/texlive/2015basic/texmf-dist/tex/latex/pdftex-def/pdftex.def
File: pdftex.def 2011/05/27 v0.06d Graphics/color for pdfTeX

(/usr/local/texlive/2015basic/texmf-dist/tex/generic/oberdiek/infwarerr.sty
Package: infwarerr 2010/04/08 v1.3 Providing info/warning/error messages (HO)
)
(/usr/local/texlive/2015basic/texmf-dist/tex/generic/oberdiek/ltxcmds.sty
Package: ltxcmds 2011/11/09 v1.22 LaTeX kernel commands for general use (HO)
)
\Gread@gobject=\count87
))
\Gin@req@height=\dimen103
\Gin@req@width=\dimen104
)
(/usr/local/texlive/2015basic/texmf-dist/tex/latex/pdfpages/pdfpages.sty
Package: pdfpages 2015/05/11 v0.4x Insert pages of external PDF documents (AM)

(/usr/local/texlive/2015basic/texmf-dist/tex/latex/base/ifthen.sty
Package: ifthen 2014/09/29 v1.1c Standard LaTeX ifthen package (DPC)
)
(/usr/local/texlive/2015basic/texmf-dist/tex/latex/tools/calc.sty
Package: calc 2014/10/28 v4.3 Infix arithmetic (KKT,FJ)
\calc@Acount=\count88
\calc@Bcount=\count89
\calc@Adimen=\dimen105
\calc@Bdimen=\dimen106
\calc@Askip=\skip43
\calc@Bskip=\skip44
LaTeX Info: Redefining \setlength on input line 80.
LaTeX Info: Redefining \addtolength on input line 81.
\calc@Ccount=\count90
\calc@Cskip=\skip45
)
(/usr/local/texlive/2015basic/texmf-dist/tex/latex/eso-pic/eso-pic.sty
Package: eso-pic 2015/04/20 v2.0e eso-pic (RN)

(/usr/local/texlive/2015basic/texmf-dist/tex/generic/oberdiek/atbegshi.sty
Package: atbegshi 2011/10/05 v1.16 At begin shipout hook (HO)

(/usr/local/texlive/2015basic/texmf-dist/tex/generic/oberdiek/ifpdf.sty
Package: ifpdf 2011/01/30 v2.3 Provides the ifpdf switch (HO)
Package ifpdf Info: pdfTeX in PDF mode is detected.
))
(/usr/local/texlive/2015basic/texmf-dist/tex/latex/xcolor/xcolor.sty
Package: xcolor 2007/01/21 v2.11 LaTeX color extensions (UK)

(/usr/local/texlive/2015basic/texmf-dist/tex/latex/latexconfig/color.cfg
File: color.cfg 2007/01/18 v1.5 color configuration of teTeX/TeXLive
)
Package xcolor Info: Driver file: pdftex.def on input line 225.
Package xcolor Info: Model `cmy' substituted by `cmy0' on input line 1337.
Package xcolor Info: Model `hsb' substituted by `rgb' on input line 1341.
Package xcolor Info: Model `RGB' extended on input line 1353.
Package xcolor Info: Model `HTML' substituted by `rgb' on input line 1355.
Package xcolor Info: Model `Hsb' substituted by `hsb' on input line 1356.
Package xcolor Info: Model `tHsb' substituted by `hsb' on input line 1357.
Package xcolor Info: Model `HSB' substituted by `hsb' on input line 1358.
Package xcolor Info: Model `Gray' substituted by `gray' on input line 1359.
Package xcolor Info: Model `wave' substituted by `hsb' on input line 1360.
))
\AM@pagewidth=\dimen107
\AM@pageheight=\dimen108

(/usr/local/texlive/2015basic/texmf-dist/tex/latex/pdfpages/pppdftex.def
File: pppdftex.def 2015/05/11 v0.4x Pdfpages driver for pdfTeX (AM)
)
\AM@pagebox=\box26
\AM@toc@title=\toks15
\c@AM@survey=\count91
\AM@templatesizebox=\box27
)
(./authblk.sty
Package: authblk 2001/02/27 1.3 (PWD)
\affilsep=\skip46
\@affilsep=\skip47
\c@Maxaffil=\count92
\c@authors=\count93
\c@affil=\count94
)
(/usr/local/texlive/2015basic/texmf-dist/tex/latex/hyperref/hyperref.sty
Package: hyperref 2012/11/06 v6.83m Hypertext links for LaTeX

(/usr/local/texlive/2015basic/texmf-dist/tex/generic/oberdiek/hobsub-hyperref.s
ty
Package: hobsub-hyperref 2012/05/28 v1.13 Bundle oberdiek, subset hyperref (HO)


(/usr/local/texlive/2015basic/texmf-dist/tex/generic/oberdiek/hobsub-generic.st
y
Package: hobsub-generic 2012/05/28 v1.13 Bundle oberdiek, subset generic (HO)
Package: hobsub 2012/05/28 v1.13 Construct package bundles (HO)
Package hobsub Info: Skipping package `infwarerr' (already loaded).
Package hobsub Info: Skipping package `ltxcmds' (already loaded).
Package: ifluatex 2010/03/01 v1.3 Provides the ifluatex switch (HO)
Package ifluatex Info: LuaTeX not detected.
Package: ifvtex 2010/03/01 v1.5 Detect VTeX and its facilities (HO)
Package ifvtex Info: VTeX not detected.
Package: intcalc 2007/09/27 v1.1 Expandable calculations with integers (HO)
Package hobsub Info: Skipping package `ifpdf' (already loaded).
Package: etexcmds 2011/02/16 v1.5 Avoid name clashes with e-TeX commands (HO)
Package etexcmds Info: Could not find \expanded.
(etexcmds)             That can mean that you are not using pdfTeX 1.50 or
(etexcmds)             that some package has redefined \expanded.
(etexcmds)             In the latter case, load this package earlier.
Package: kvsetkeys 2012/04/25 v1.16 Key value parser (HO)
Package: kvdefinekeys 2011/04/07 v1.3 Define keys (HO)
Package: pdftexcmds 2011/11/29 v0.20 Utility functions of pdfTeX for LuaTeX (HO
)
Package pdftexcmds Info: LuaTeX not detected.
Package pdftexcmds Info: \pdf@primitive is available.
Package pdftexcmds Info: \pdf@ifprimitive is available.
Package pdftexcmds Info: \pdfdraftmode found.
Package: pdfescape 2011/11/25 v1.13 Implements pdfTeX's escape features (HO)
Package: bigintcalc 2012/04/08 v1.3 Expandable calculations on big integers (HO
)
Package: bitset 2011/01/30 v1.1 Handle bit-vector datatype (HO)
Package: uniquecounter 2011/01/30 v1.2 Provide unlimited unique counter (HO)
)
Package hobsub Info: Skipping package `hobsub' (already loaded).
Package: letltxmacro 2010/09/02 v1.4 Let assignment for LaTeX macros (HO)
Package: hopatch 2012/05/28 v1.2 Wrapper for package hooks (HO)
Package: xcolor-patch 2011/01/30 xcolor patch
Package: atveryend 2011/06/30 v1.8 Hooks at the very end of document (HO)
Package atveryend Info: \enddocument detected (standard20110627).
Package hobsub Info: Skipping package `atbegshi' (already loaded).
Package: refcount 2011/10/16 v3.4 Data extraction from label references (HO)
Package: hycolor 2011/01/30 v1.7 Color options for hyperref/bookmark (HO)
) (/usr/local/texlive/2015basic/texmf-dist/tex/generic/ifxetex/ifxetex.sty
Package: ifxetex 2010/09/12 v0.6 Provides ifxetex conditional
)
(/usr/local/texlive/2015basic/texmf-dist/tex/latex/oberdiek/auxhook.sty
Package: auxhook 2011/03/04 v1.3 Hooks for auxiliary files (HO)
)
(/usr/local/texlive/2015basic/texmf-dist/tex/latex/oberdiek/kvoptions.sty
Package: kvoptions 2011/06/30 v3.11 Key value format for package options (HO)
)
\@linkdim=\dimen109
\Hy@linkcounter=\count95
\Hy@pagecounter=\count96

(/usr/local/texlive/2015basic/texmf-dist/tex/latex/hyperref/pd1enc.def
File: pd1enc.def 2012/11/06 v6.83m Hyperref: PDFDocEncoding definition (HO)
)
\Hy@SavedSpaceFactor=\count97

(/usr/local/texlive/2015basic/texmf-dist/tex/latex/latexconfig/hyperref.cfg
File: hyperref.cfg 2002/06/06 v1.2 hyperref configuration of TeXLive
)
Package hyperref Info: Hyper figures OFF on input line 4443.
Package hyperref Info: Link nesting OFF on input line 4448.
Package hyperref Info: Hyper index ON on input line 4451.
Package hyperref Info: Plain pages OFF on input line 4458.
Package hyperref Info: Backreferencing OFF on input line 4463.
Package hyperref Info: Implicit mode ON; LaTeX internals redefined.
Package hyperref Info: Bookmarks ON on input line 4688.
\c@Hy@tempcnt=\count98

(/usr/local/texlive/2015basic/texmf-dist/tex/latex/url/url.sty
\Urlmuskip=\muskip10
Package: url 2013/09/16  ver 3.4  Verb mode for urls, etc.
)
LaTeX Info: Redefining \url on input line 5041.
\XeTeXLinkMargin=\dimen110
\Fld@menulength=\count99
\Field@Width=\dimen111
\Fld@charsize=\dimen112
Package hyperref Info: Hyper figures OFF on input line 6295.
Package hyperref Info: Link nesting OFF on input line 6300.
Package hyperref Info: Hyper index ON on input line 6303.
Package hyperref Info: backreferencing OFF on input line 6310.
Package hyperref Info: Link coloring OFF on input line 6315.
Package hyperref Info: Link coloring with OCG OFF on input line 6320.
Package hyperref Info: PDF/A mode OFF on input line 6325.
LaTeX Info: Redefining \ref on input line 6365.
LaTeX Info: Redefining \pageref on input line 6369.
\Hy@abspage=\count100
\c@Item=\count101
\c@Hfootnote=\count102
)

Package hyperref Message: Driver (autodetected): hpdftex.

(/usr/local/texlive/2015basic/texmf-dist/tex/latex/hyperref/hpdftex.def
File: hpdftex.def 2012/11/06 v6.83m Hyperref driver for pdfTeX
\Fld@listcount=\count103
\c@bookmark@seq@number=\count104

(/usr/local/texlive/2015basic/texmf-dist/tex/latex/oberdiek/rerunfilecheck.sty
Package: rerunfilecheck 2011/04/15 v1.7 Rerun checks for auxiliary files (HO)
Package uniquecounter Info: New unique counter `rerunfilecheck' on input line 2
82.
)
\Hy@SectionHShift=\skip48
) (./main.aux)
\openout1 = `main.aux'.

LaTeX Font Info:    Checking defaults for OML/cmm/m/it on input line 18.
LaTeX Font Info:    ... okay on input line 18.
LaTeX Font Info:    Checking defaults for T1/cmr/m/n on input line 18.
LaTeX Font Info:    ... okay on input line 18.
LaTeX Font Info:    Checking defaults for OT1/cmr/m/n on input line 18.
LaTeX Font Info:    ... okay on input line 18.
LaTeX Font Info:    Checking defaults for OMS/cmsy/m/n on input line 18.
LaTeX Font Info:    ... okay on input line 18.
LaTeX Font Info:    Checking defaults for OMX/cmex/m/n on input line 18.
LaTeX Font Info:    ... okay on input line 18.
LaTeX Font Info:    Checking defaults for U/cmr/m/n on input line 18.
LaTeX Font Info:    ... okay on input line 18.
LaTeX Font Info:    Checking defaults for PD1/pdf/m/n on input line 18.
LaTeX Font Info:    ... okay on input line 18.

(/usr/local/texlive/2015basic/texmf-dist/tex/context/base/supp-pdf.mkii
[Loading MPS to PDF converter (version 2006.09.02).]
\scratchcounter=\count105
\scratchdimen=\dimen113
\scratchbox=\box28
\nofMPsegments=\count106
\nofMParguments=\count107
\everyMPshowfont=\toks16
\MPscratchCnt=\count108
\MPscratchDim=\dimen114
\MPnumerator=\count109
\makeMPintoPDFobject=\count110
\everyMPtoPDFconversion=\toks17
) (/usr/local/texlive/2015basic/texmf-dist/tex/latex/oberdiek/epstopdf-base.sty
Package: epstopdf-base 2010/02/09 v2.5 Base part for package epstopdf
(/usr/local/texlive/2015basic/texmf-dist/tex/latex/oberdiek/grfext.sty
Package: grfext 2010/08/19 v1.1 Manage graphics extensions (HO)
)
Package grfext Info: Graphics extension search list:
(grfext)             [.png,.pdf,.jpg,.mps,.jpeg,.jbig2,.jb2,.PNG,.PDF,.JPG,.JPE
G,.JBIG2,.JB2,.eps]
(grfext)             \AppendGraphicsExtensions on input line 452.

(/usr/local/texlive/2015basic/texmf-dist/tex/latex/latexconfig/epstopdf-sys.cfg
File: epstopdf-sys.cfg 2010/07/13 v1.3 Configuration of (r)epstopdf for TeX Liv
e
))
\AtBeginShipoutBox=\box29
Package hyperref Info: Link coloring OFF on input line 18.
 (/usr/local/texlive/2015basic/texmf-dist/tex/latex/hyperref/nameref.sty
Package: nameref 2012/10/27 v2.43 Cross-referencing by name of section

(/usr/local/texlive/2015basic/texmf-dist/tex/generic/oberdiek/gettitlestring.st
y
Package: gettitlestring 2010/12/03 v1.4 Cleanup title references (HO)
)
\c@section@level=\count111
)
LaTeX Info: Redefining \ref on input line 18.
LaTeX Info: Redefining \pageref on input line 18.
LaTeX Info: Redefining \nameref on input line 18.
 (./main.out) (./main.out)
\@outlinefile=\write3
\openout3 = `main.out'.

LaTeX Font Info:    Font shape `OT1/cmtt/bx/n' in size <14.4> not available
(Font)              Font shape `OT1/cmtt/m/n' tried instead on input line 21.
LaTeX Font Info:    External font `cmex10' loaded for size
(Font)              <14.4> on input line 21.
LaTeX Font Info:    External font `cmex10' loaded for size
(Font)              <7> on input line 21.
 [1

{/usr/local/texlive/2015basic/texmf-var/fonts/map/pdftex/updmap/pdftex.map}]
LaTeX Font Info:    External font `cmex10' loaded for size
(Font)              <10.95> on input line 26.
LaTeX Font Info:    External font `cmex10' loaded for size
(Font)              <8> on input line 26.
LaTeX Font Info:    External font `cmex10' loaded for size
(Font)              <6> on input line 26.

Overfull \hbox (9.31635pt too wide) in paragraph at lines 26--27
[]\OT1/cmr/m/n/10.95 This pa-per aims to un-ravel the re-la-tion-ship be-tween 
serum $\OML/cmm/m/it/10.95 prostate \OMS/cmsy/m/n/10.95 ^^@
 []


Overfull \hbox (0.24815pt too wide) in paragraph at lines 26--27
\OML/cmm/m/it/10.95 Gleason []score$ \OT1/cmr/m/n/10.95 is cho-sen. The pre-dic
-tor $\OML/cmm/m/it/10.95 capsular$ $penetration$ \OT1/cmr/m/n/10.95 is proved
 []

[2]
LaTeX Font Info:    External font `cmex10' loaded for size
(Font)              <12> on input line 33.

Overfull \hbox (22.99385pt too wide) in paragraph at lines 33--34
\OML/cmm/m/it/12 prostatic []hyperplasia\OT1/cmr/m/n/12 (\OML/cmm/m/it/12 cm[]\
OT1/cmr/m/n/12 )$, $\OML/cmm/m/it/12 seminal []vesicle []invasion$\OT1/cmr/m/n/
12 , $\OML/cmm/m/it/12 capsular$ $penetration\OT1/cmr/m/n/12 (\OML/cmm/m/it/12 
cm\OT1/cmr/m/n/12 )$
 []


Underfull \hbox (badness 10000) in paragraph at lines 40--41

 []


Underfull \hbox (badness 10000) in paragraph at lines 42--43

 []


Underfull \hbox (badness 10000) in paragraph at lines 44--45

 []

[3]
Overfull \hbox (5.22069pt too wide) in paragraph at lines 46--47
[]\OT1/cmr/m/n/12 For the qual-i-ta-tive vari-ables ($\OML/cmm/m/it/12 seminal 
[]vesicle []invasion$ \OT1/cmr/m/n/12 and $\OML/cmm/m/it/12 gleason []score$\OT
1/cmr/m/n/12 ),
 []


Underfull \hbox (badness 10000) in paragraph at lines 46--47

 []

LaTeX Font Info:    Try loading font information for OMS+cmr on input line 52.
(/usr/local/texlive/2015basic/texmf-dist/tex/latex/base/omscmr.fd
File: omscmr.fd 2014/09/29 v2.5h Standard LaTeX font definitions
)
LaTeX Font Info:    Font shape `OMS/cmr/m/n' in size <12> not available
(Font)              Font shape `OMS/cmsy/m/n' tried instead on input line 52.

Underfull \hbox (badness 10000) in paragraph at lines 66--67

 []

[4] [5]
Overfull \hbox (21.30595pt too wide) in alignment at lines 92--101
 [][][] []
 []


Underfull \hbox (badness 10000) in paragraph at lines 120--121

 []


Underfull \hbox (badness 10000) in paragraph at lines 122--123

 []


Underfull \hbox (badness 10000) in paragraph at lines 124--125

 []


Underfull \hbox (badness 10000) in paragraph at lines 126--127

 []

[6]
Underfull \hbox (badness 10000) in paragraph at lines 134--135

 []


Underfull \hbox (badness 10000) in paragraph at lines 136--137

 []


Underfull \hbox (badness 10000) in paragraph at lines 138--139

 []


Underfull \hbox (badness 10000) in paragraph at lines 140--141

 []

[7]
Underfull \hbox (badness 10000) in paragraph at lines 162--163

 []

[8] [9] <inputs/Figures.pdf, id=113, 614.295pt x 794.97pt>
File: inputs/Figures.pdf Graphic file (type pdf)

<use inputs/Figures.pdf>
Package pdftex.def Info: inputs/Figures.pdf used on input line 186.
(pdftex.def)             Requested size: 614.29349pt x 794.96806pt.
File: inputs/Figures.pdf Graphic file (type pdf)
 <use inputs/Figures.pdf>
Package pdftex.def Info: inputs/Figures.pdf used on input line 186.
(pdftex.def)             Requested size: 614.29349pt x 794.96806pt.

<inputs/Figures.pdf, id=116, page=1, 614.295pt x 794.97pt>
File: inputs/Figures.pdf Graphic file (type pdf)

<use inputs/Figures.pdf, page 1>
Package pdftex.def Info: inputs/Figures.pdf, page1 used on input line 186.
(pdftex.def)             Requested size: 614.29349pt x 794.96806pt.
File: inputs/Figures.pdf Graphic file (type pdf)
 <use inputs/Figures.pdf, page 1>
Package pdftex.def Info: inputs/Figures.pdf, page1 used on input line 186.
(pdftex.def)             Requested size: 614.58406pt x 795.3441pt.
File: inputs/Figures.pdf Graphic file (type pdf)

<use inputs/Figures.pdf, page 1>
Package pdftex.def Info: inputs/Figures.pdf, page1 used on input line 186.
(pdftex.def)             Requested size: 614.58406pt x 795.3441pt.
File: inputs/Figures.pdf Graphic file (type pdf)
 <use inputs/Figures.pdf, page 1>
Package pdftex.def Info: inputs/Figures.pdf, page1 used on input line 186.
(pdftex.def)             Requested size: 614.58406pt x 795.3441pt.

<inputs/Figures.pdf, id=117, page=2, 614.295pt x 794.97pt>
File: inputs/Figures.pdf Graphic file (type pdf)

<use inputs/Figures.pdf, page 2>
Package pdftex.def Info: inputs/Figures.pdf, page2 used on input line 186.
(pdftex.def)             Requested size: 614.58406pt x 795.3441pt.
File: inputs/Figures.pdf Graphic file (type pdf)
 <use inputs/Figures.pdf, page 2>
Package pdftex.def Info: inputs/Figures.pdf, page2 used on input line 186.
(pdftex.def)             Requested size: 614.58406pt x 795.3441pt.
File: inputs/Figures.pdf Graphic file (type pdf)

<use inputs/Figures.pdf, page 1>
Package pdftex.def Info: inputs/Figures.pdf, page1 used on input line 186.
(pdftex.def)             Requested size: 614.58406pt x 795.3441pt.
 [10 <./inputs/Figures.pdf>]
<inputs/Figures.pdf, id=139, page=3, 614.295pt x 794.97pt>
File: inputs/Figures.pdf Graphic file (type pdf)

<use inputs/Figures.pdf, page 3>
Package pdftex.def Info: inputs/Figures.pdf, page3 used on input line 186.
(pdftex.def)             Requested size: 614.58406pt x 795.3441pt.
File: inputs/Figures.pdf Graphic file (type pdf)
 <use inputs/Figures.pdf, page 3>
Package pdftex.def Info: inputs/Figures.pdf, page3 used on input line 186.
(pdftex.def)             Requested size: 614.58406pt x 795.3441pt.
File: inputs/Figures.pdf Graphic file (type pdf)

<use inputs/Figures.pdf, page 2>
Package pdftex.def Info: inputs/Figures.pdf, page2 used on input line 186.
(pdftex.def)             Requested size: 614.58406pt x 795.3441pt.
 [11 <./inputs/Figures.pdf>]
<inputs/Figures.pdf, id=159, page=4, 614.295pt x 794.97pt>
File: inputs/Figures.pdf Graphic file (type pdf)

<use inputs/Figures.pdf, page 4>
Package pdftex.def Info: inputs/Figures.pdf, page4 used on input line 186.
(pdftex.def)             Requested size: 614.58406pt x 795.3441pt.
File: inputs/Figures.pdf Graphic file (type pdf)
 <use inputs/Figures.pdf, page 4>
Package pdftex.def Info: inputs/Figures.pdf, page4 used on input line 186.
(pdftex.def)             Requested size: 614.58406pt x 795.3441pt.
File: inputs/Figures.pdf Graphic file (type pdf)

<use inputs/Figures.pdf, page 3>
Package pdftex.def Info: inputs/Figures.pdf, page3 used on input line 186.
(pdftex.def)             Requested size: 614.58406pt x 795.3441pt.
 [12 <./inputs/Figures.pdf>]
<inputs/Figures.pdf, id=170, page=5, 614.295pt x 794.97pt>
File: inputs/Figures.pdf Graphic file (type pdf)

<use inputs/Figures.pdf, page 5>
Package pdftex.def Info: inputs/Figures.pdf, page5 used on input line 186.
(pdftex.def)             Requested size: 614.58406pt x 795.3441pt.
File: inputs/Figures.pdf Graphic file (type pdf)
 <use inputs/Figures.pdf, page 5>
Package pdftex.def Info: inputs/Figures.pdf, page5 used on input line 186.
(pdftex.def)             Requested size: 614.58406pt x 795.3441pt.
File: inputs/Figures.pdf Graphic file (type pdf)

<use inputs/Figures.pdf, page 4>
Package pdftex.def Info: inputs/Figures.pdf, page4 used on input line 186.
(pdftex.def)             Requested size: 614.58406pt x 795.3441pt.
 [13 <./inputs/Figures.pdf>]
<inputs/Figures.pdf, id=190, page=6, 614.295pt x 794.97pt>
File: inputs/Figures.pdf Graphic file (type pdf)

<use inputs/Figures.pdf, page 6>
Package pdftex.def Info: inputs/Figures.pdf, page6 used on input line 186.
(pdftex.def)             Requested size: 614.58406pt x 795.3441pt.
File: inputs/Figures.pdf Graphic file (type pdf)
 <use inputs/Figures.pdf, page 6>
Package pdftex.def Info: inputs/Figures.pdf, page6 used on input line 186.
(pdftex.def)             Requested size: 614.58406pt x 795.3441pt.
File: inputs/Figures.pdf Graphic file (type pdf)

<use inputs/Figures.pdf, page 5>
Package pdftex.def Info: inputs/Figures.pdf, page5 used on input line 186.
(pdftex.def)             Requested size: 614.58406pt x 795.3441pt.
 [14 <./inputs/Figures.pdf>]
File: inputs/Figures.pdf Graphic file (type pdf)

<use inputs/Figures.pdf, page 6>
Package pdftex.def Info: inputs/Figures.pdf, page6 used on input line 186.
(pdftex.def)             Requested size: 614.58406pt x 795.3441pt.
 [15 <./inputs/Figures.pdf>]
<inputs/STA206_codeAndOutput.pdf, id=231, 614.295pt x 794.97pt>
File: inputs/STA206_codeAndOutput.pdf Graphic file (type pdf)

<use inputs/STA206_codeAndOutput.pdf>
Package pdftex.def Info: inputs/STA206_codeAndOutput.pdf used on input line 190
.
(pdftex.def)             Requested size: 614.29349pt x 794.96806pt.
File: inputs/STA206_codeAndOutput.pdf Graphic file (type pdf)
 <use inputs/STA206_codeAndOutput.pdf>
Package pdftex.def Info: inputs/STA206_codeAndOutput.pdf used on input line 190
.
(pdftex.def)             Requested size: 614.29349pt x 794.96806pt.

<inputs/STA206_codeAndOutput.pdf, id=234, page=1, 614.295pt x 794.97pt>
File: inputs/STA206_codeAndOutput.pdf Graphic file (type pdf)

<use inputs/STA206_codeAndOutput.pdf, page 1>
Package pdftex.def Info: inputs/STA206_codeAndOutput.pdf, page1 used on input l
ine 190.
(pdftex.def)             Requested size: 614.29349pt x 794.96806pt.
File: inputs/STA206_codeAndOutput.pdf Graphic file (type pdf)

<use inputs/STA206_codeAndOutput.pdf, page 1>
Package pdftex.def Info: inputs/STA206_codeAndOutput.pdf, page1 used on input l
ine 190.
(pdftex.def)             Requested size: 614.58406pt x 795.3441pt.
File: inputs/STA206_codeAndOutput.pdf Graphic file (type pdf)

<use inputs/STA206_codeAndOutput.pdf, page 1>
Package pdftex.def Info: inputs/STA206_codeAndOutput.pdf, page1 used on input l
ine 190.
(pdftex.def)             Requested size: 614.58406pt x 795.3441pt.
File: inputs/STA206_codeAndOutput.pdf Graphic file (type pdf)

<use inputs/STA206_codeAndOutput.pdf, page 1>
Package pdftex.def Info: inputs/STA206_codeAndOutput.pdf, page1 used on input l
ine 190.
(pdftex.def)             Requested size: 614.58406pt x 795.3441pt.

<inputs/STA206_codeAndOutput.pdf, id=235, page=2, 614.295pt x 794.97pt>
File: inputs/STA206_codeAndOutput.pdf Graphic file (type pdf)

<use inputs/STA206_codeAndOutput.pdf, page 2>
Package pdftex.def Info: inputs/STA206_codeAndOutput.pdf, page2 used on input l
ine 190.
(pdftex.def)             Requested size: 614.58406pt x 795.3441pt.
File: inputs/STA206_codeAndOutput.pdf Graphic file (type pdf)

<use inputs/STA206_codeAndOutput.pdf, page 2>
Package pdftex.def Info: inputs/STA206_codeAndOutput.pdf, page2 used on input l
ine 190.
(pdftex.def)             Requested size: 614.58406pt x 795.3441pt.
File: inputs/STA206_codeAndOutput.pdf Graphic file (type pdf)

<use inputs/STA206_codeAndOutput.pdf, page 1>
Package pdftex.def Info: inputs/STA206_codeAndOutput.pdf, page1 used on input l
ine 190.
(pdftex.def)             Requested size: 614.58406pt x 795.3441pt.
 [16 <./inputs/STA206_codeAndOutput.pdf>]
<inputs/STA206_codeAndOutput.pdf, id=280, page=3, 614.295pt x 794.97pt>
File: inputs/STA206_codeAndOutput.pdf Graphic file (type pdf)

<use inputs/STA206_codeAndOutput.pdf, page 3>
Package pdftex.def Info: inputs/STA206_codeAndOutput.pdf, page3 used on input l
ine 190.
(pdftex.def)             Requested size: 614.58406pt x 795.3441pt.
File: inputs/STA206_codeAndOutput.pdf Graphic file (type pdf)

<use inputs/STA206_codeAndOutput.pdf, page 3>
Package pdftex.def Info: inputs/STA206_codeAndOutput.pdf, page3 used on input l
ine 190.
(pdftex.def)             Requested size: 614.58406pt x 795.3441pt.
File: inputs/STA206_codeAndOutput.pdf Graphic file (type pdf)

<use inputs/STA206_codeAndOutput.pdf, page 2>
Package pdftex.def Info: inputs/STA206_codeAndOutput.pdf, page2 used on input l
ine 190.
(pdftex.def)             Requested size: 614.58406pt x 795.3441pt.
 [17 <./inputs/STA206_codeAndOutput.pdf>]
<inputs/STA206_codeAndOutput.pdf, id=285, page=4, 614.295pt x 794.97pt>
File: inputs/STA206_codeAndOutput.pdf Graphic file (type pdf)

<use inputs/STA206_codeAndOutput.pdf, page 4>
Package pdftex.def Info: inputs/STA206_codeAndOutput.pdf, page4 used on input l
ine 190.
(pdftex.def)             Requested size: 614.58406pt x 795.3441pt.
File: inputs/STA206_codeAndOutput.pdf Graphic file (type pdf)

<use inputs/STA206_codeAndOutput.pdf, page 4>
Package pdftex.def Info: inputs/STA206_codeAndOutput.pdf, page4 used on input l
ine 190.
(pdftex.def)             Requested size: 614.58406pt x 795.3441pt.
File: inputs/STA206_codeAndOutput.pdf Graphic file (type pdf)

<use inputs/STA206_codeAndOutput.pdf, page 3>
Package pdftex.def Info: inputs/STA206_codeAndOutput.pdf, page3 used on input l
ine 190.
(pdftex.def)             Requested size: 614.58406pt x 795.3441pt.
 [18 <./inputs/STA206_codeAndOutput.pdf>]
<inputs/STA206_codeAndOutput.pdf, id=290, page=5, 614.295pt x 794.97pt>
File: inputs/STA206_codeAndOutput.pdf Graphic file (type pdf)

<use inputs/STA206_codeAndOutput.pdf, page 5>
Package pdftex.def Info: inputs/STA206_codeAndOutput.pdf, page5 used on input l
ine 190.
(pdftex.def)             Requested size: 614.58406pt x 795.3441pt.
File: inputs/STA206_codeAndOutput.pdf Graphic file (type pdf)

<use inputs/STA206_codeAndOutput.pdf, page 5>
Package pdftex.def Info: inputs/STA206_codeAndOutput.pdf, page5 used on input l
ine 190.
(pdftex.def)             Requested size: 614.58406pt x 795.3441pt.
File: inputs/STA206_codeAndOutput.pdf Graphic file (type pdf)

<use inputs/STA206_codeAndOutput.pdf, page 4>
Package pdftex.def Info: inputs/STA206_codeAndOutput.pdf, page4 used on input l
ine 190.
(pdftex.def)             Requested size: 614.58406pt x 795.3441pt.
 [19 <./inputs/STA206_codeAndOutput.pdf>]
<inputs/STA206_codeAndOutput.pdf, id=296, page=6, 614.295pt x 794.97pt>
File: inputs/STA206_codeAndOutput.pdf Graphic file (type pdf)

<use inputs/STA206_codeAndOutput.pdf, page 6>
Package pdftex.def Info: inputs/STA206_codeAndOutput.pdf, page6 used on input l
ine 190.
(pdftex.def)             Requested size: 614.58406pt x 795.3441pt.
File: inputs/STA206_codeAndOutput.pdf Graphic file (type pdf)

<use inputs/STA206_codeAndOutput.pdf, page 6>
Package pdftex.def Info: inputs/STA206_codeAndOutput.pdf, page6 used on input l
ine 190.
(pdftex.def)             Requested size: 614.58406pt x 795.3441pt.
File: inputs/STA206_codeAndOutput.pdf Graphic file (type pdf)

<use inputs/STA206_codeAndOutput.pdf, page 5>
Package pdftex.def Info: inputs/STA206_codeAndOutput.pdf, page5 used on input l
ine 190.
(pdftex.def)             Requested size: 614.58406pt x 795.3441pt.
 [20 <./inputs/STA206_codeAndOutput.pdf>]
<inputs/STA206_codeAndOutput.pdf, id=301, page=7, 614.295pt x 794.97pt>
File: inputs/STA206_codeAndOutput.pdf Graphic file (type pdf)

<use inputs/STA206_codeAndOutput.pdf, page 7>
Package pdftex.def Info: inputs/STA206_codeAndOutput.pdf, page7 used on input l
ine 190.
(pdftex.def)             Requested size: 614.58406pt x 795.3441pt.
File: inputs/STA206_codeAndOutput.pdf Graphic file (type pdf)

<use inputs/STA206_codeAndOutput.pdf, page 7>
Package pdftex.def Info: inputs/STA206_codeAndOutput.pdf, page7 used on input l
ine 190.
(pdftex.def)             Requested size: 614.58406pt x 795.3441pt.
File: inputs/STA206_codeAndOutput.pdf Graphic file (type pdf)

<use inputs/STA206_codeAndOutput.pdf, page 6>
Package pdftex.def Info: inputs/STA206_codeAndOutput.pdf, page6 used on input l
ine 190.
(pdftex.def)             Requested size: 614.58406pt x 795.3441pt.
 [21 <./inputs/STA206_codeAndOutput.pdf>]
<inputs/STA206_codeAndOutput.pdf, id=306, page=8, 614.295pt x 794.97pt>
File: inputs/STA206_codeAndOutput.pdf Graphic file (type pdf)

<use inputs/STA206_codeAndOutput.pdf, page 8>
Package pdftex.def Info: inputs/STA206_codeAndOutput.pdf, page8 used on input l
ine 190.
(pdftex.def)             Requested size: 614.58406pt x 795.3441pt.
File: inputs/STA206_codeAndOutput.pdf Graphic file (type pdf)

<use inputs/STA206_codeAndOutput.pdf, page 8>
Package pdftex.def Info: inputs/STA206_codeAndOutput.pdf, page8 used on input l
ine 190.
(pdftex.def)             Requested size: 614.58406pt x 795.3441pt.
File: inputs/STA206_codeAndOutput.pdf Graphic file (type pdf)

<use inputs/STA206_codeAndOutput.pdf, page 7>
Package pdftex.def Info: inputs/STA206_codeAndOutput.pdf, page7 used on input l
ine 190.
(pdftex.def)             Requested size: 614.58406pt x 795.3441pt.
 [22 <./inputs/STA206_codeAndOutput.pdf>]
<inputs/STA206_codeAndOutput.pdf, id=312, page=9, 614.295pt x 794.97pt>
File: inputs/STA206_codeAndOutput.pdf Graphic file (type pdf)

<use inputs/STA206_codeAndOutput.pdf, page 9>
Package pdftex.def Info: inputs/STA206_codeAndOutput.pdf, page9 used on input l
ine 190.
(pdftex.def)             Requested size: 614.58406pt x 795.3441pt.
File: inputs/STA206_codeAndOutput.pdf Graphic file (type pdf)

<use inputs/STA206_codeAndOutput.pdf, page 9>
Package pdftex.def Info: inputs/STA206_codeAndOutput.pdf, page9 used on input l
ine 190.
(pdftex.def)             Requested size: 614.58406pt x 795.3441pt.
File: inputs/STA206_codeAndOutput.pdf Graphic file (type pdf)

<use inputs/STA206_codeAndOutput.pdf, page 8>
Package pdftex.def Info: inputs/STA206_codeAndOutput.pdf, page8 used on input l
ine 190.
(pdftex.def)             Requested size: 614.58406pt x 795.3441pt.
 [23 <./inputs/STA206_codeAndOutput.pdf>]
<inputs/STA206_codeAndOutput.pdf, id=317, page=10, 614.295pt x 794.97pt>
File: inputs/STA206_codeAndOutput.pdf Graphic file (type pdf)

<use inputs/STA206_codeAndOutput.pdf, page 10>
Package pdftex.def Info: inputs/STA206_codeAndOutput.pdf, page10 used on input 
line 190.
(pdftex.def)             Requested size: 614.58406pt x 795.3441pt.
File: inputs/STA206_codeAndOutput.pdf Graphic file (type pdf)

<use inputs/STA206_codeAndOutput.pdf, page 10>
Package pdftex.def Info: inputs/STA206_codeAndOutput.pdf, page10 used on input 
line 190.
(pdftex.def)             Requested size: 614.58406pt x 795.3441pt.
File: inputs/STA206_codeAndOutput.pdf Graphic file (type pdf)

<use inputs/STA206_codeAndOutput.pdf, page 9>
Package pdftex.def Info: inputs/STA206_codeAndOutput.pdf, page9 used on input l
ine 190.
(pdftex.def)             Requested size: 614.58406pt x 795.3441pt.
 [24 <./inputs/STA206_codeAndOutput.pdf>]
<inputs/STA206_codeAndOutput.pdf, id=322, page=11, 614.295pt x 794.97pt>
File: inputs/STA206_codeAndOutput.pdf Graphic file (type pdf)

<use inputs/STA206_codeAndOutput.pdf, page 11>
Package pdftex.def Info: inputs/STA206_codeAndOutput.pdf, page11 used on input 
line 190.
(pdftex.def)             Requested size: 614.58406pt x 795.3441pt.
File: inputs/STA206_codeAndOutput.pdf Graphic file (type pdf)

<use inputs/STA206_codeAndOutput.pdf, page 11>
Package pdftex.def Info: inputs/STA206_codeAndOutput.pdf, page11 used on input 
line 190.
(pdftex.def)             Requested size: 614.58406pt x 795.3441pt.
File: inputs/STA206_codeAndOutput.pdf Graphic file (type pdf)

<use inputs/STA206_codeAndOutput.pdf, page 10>
Package pdftex.def Info: inputs/STA206_codeAndOutput.pdf, page10 used on input 
line 190.
(pdftex.def)             Requested size: 614.58406pt x 795.3441pt.
 [25 <./inputs/STA206_codeAndOutput.pdf>]
<inputs/STA206_codeAndOutput.pdf, id=328, page=12, 614.295pt x 794.97pt>
File: inputs/STA206_codeAndOutput.pdf Graphic file (type pdf)

<use inputs/STA206_codeAndOutput.pdf, page 12>
Package pdftex.def Info: inputs/STA206_codeAndOutput.pdf, page12 used on input 
line 190.
(pdftex.def)             Requested size: 614.58406pt x 795.3441pt.
File: inputs/STA206_codeAndOutput.pdf Graphic file (type pdf)

<use inputs/STA206_codeAndOutput.pdf, page 12>
Package pdftex.def Info: inputs/STA206_codeAndOutput.pdf, page12 used on input 
line 190.
(pdftex.def)             Requested size: 614.58406pt x 795.3441pt.
File: inputs/STA206_codeAndOutput.pdf Graphic file (type pdf)

<use inputs/STA206_codeAndOutput.pdf, page 11>
Package pdftex.def Info: inputs/STA206_codeAndOutput.pdf, page11 used on input 
line 190.
(pdftex.def)             Requested size: 614.58406pt x 795.3441pt.
 [26 <./inputs/STA206_codeAndOutput.pdf>]
<inputs/STA206_codeAndOutput.pdf, id=333, page=13, 614.295pt x 794.97pt>
File: inputs/STA206_codeAndOutput.pdf Graphic file (type pdf)

<use inputs/STA206_codeAndOutput.pdf, page 13>
Package pdftex.def Info: inputs/STA206_codeAndOutput.pdf, page13 used on input 
line 190.
(pdftex.def)             Requested size: 614.58406pt x 795.3441pt.
File: inputs/STA206_codeAndOutput.pdf Graphic file (type pdf)

<use inputs/STA206_codeAndOutput.pdf, page 13>
Package pdftex.def Info: inputs/STA206_codeAndOutput.pdf, page13 used on input 
line 190.
(pdftex.def)             Requested size: 614.58406pt x 795.3441pt.
File: inputs/STA206_codeAndOutput.pdf Graphic file (type pdf)

<use inputs/STA206_codeAndOutput.pdf, page 12>
Package pdftex.def Info: inputs/STA206_codeAndOutput.pdf, page12 used on input 
line 190.
(pdftex.def)             Requested size: 614.58406pt x 795.3441pt.
 [27 <./inputs/STA206_codeAndOutput.pdf>]
<inputs/STA206_codeAndOutput.pdf, id=338, page=14, 614.295pt x 794.97pt>
File: inputs/STA206_codeAndOutput.pdf Graphic file (type pdf)

<use inputs/STA206_codeAndOutput.pdf, page 14>
Package pdftex.def Info: inputs/STA206_codeAndOutput.pdf, page14 used on input 
line 190.
(pdftex.def)             Requested size: 614.58406pt x 795.3441pt.
File: inputs/STA206_codeAndOutput.pdf Graphic file (type pdf)

<use inputs/STA206_codeAndOutput.pdf, page 14>
Package pdftex.def Info: inputs/STA206_codeAndOutput.pdf, page14 used on input 
line 190.
(pdftex.def)             Requested size: 614.58406pt x 795.3441pt.
File: inputs/STA206_codeAndOutput.pdf Graphic file (type pdf)

<use inputs/STA206_codeAndOutput.pdf, page 13>
Package pdftex.def Info: inputs/STA206_codeAndOutput.pdf, page13 used on input 
line 190.
(pdftex.def)             Requested size: 614.58406pt x 795.3441pt.
 [28 <./inputs/STA206_codeAndOutput.pdf>]
File: inputs/STA206_codeAndOutput.pdf Graphic file (type pdf)
 <use inputs/STA206_codeAndOutput.pdf, page 14>
Package pdftex.def Info: inputs/STA206_codeAndOutput.pdf, page14 used on input 
line 190.
(pdftex.def)             Requested size: 614.58406pt x 795.3441pt.
 [29 <./inputs/STA206_codeAndOutput.pdf>]
Package atveryend Info: Empty hook `BeforeClearDocument' on input line 192.
Package atveryend Info: Empty hook `AfterLastShipout' on input line 192.
 (./main.aux)
Package atveryend Info: Executing hook `AtVeryEndDocument' on input line 192.
Package atveryend Info: Executing hook `AtEndAfterFileList' on input line 192.
Package rerunfilecheck Info: File `main.out' has not changed.
(rerunfilecheck)             Checksum: 09EA089BDDF0CA77EE2A735042A984FC;818.
Package atveryend Info: Empty hook `AtVeryVeryEnd' on input line 192.
 ) 
Here is how much of TeX's memory you used:
 6418 strings out of 494501
 96361 string characters out of 6167030
 182578 words of memory out of 5000000
 9593 multiletter control sequences out of 15000+600000
 10548 words of font info for 37 fonts, out of 8000000 for 9000
 319 hyphenation exceptions out of 8191
 41i,18n,46p,1381b,450s stack positions out of 5000i,500n,10000p,200000b,80000s
</usr/local/texlive/2015basic/texmf-dist/fonts/type1/public/amsfonts/cm/cmbx1
0.pfb></usr/local/texlive/2015basic/texmf-dist/fonts/type1/public/amsfonts/cm/c
mbx12.pfb></usr/local/texlive/2015basic/texmf-dist/fonts/type1/public/amsfonts/
cm/cmex10.pfb></usr/local/texlive/2015basic/texmf-dist/fonts/type1/public/amsfo
nts/cm/cmmi10.pfb></usr/local/texlive/2015basic/texmf-dist/fonts/type1/public/a
msfonts/cm/cmmi12.pfb></usr/local/texlive/2015basic/texmf-dist/fonts/type1/publ
ic/amsfonts/cm/cmmi8.pfb></usr/local/texlive/2015basic/texmf-dist/fonts/type1/p
ublic/amsfonts/cm/cmr10.pfb></usr/local/texlive/2015basic/texmf-dist/fonts/type
1/public/amsfonts/cm/cmr12.pfb></usr/local/texlive/2015basic/texmf-dist/fonts/t
ype1/public/amsfonts/cm/cmr17.pfb></usr/local/texlive/2015basic/texmf-dist/font
s/type1/public/amsfonts/cm/cmr8.pfb></usr/local/texlive/2015basic/texmf-dist/fo
nts/type1/public/amsfonts/cm/cmsy10.pfb></usr/local/texlive/2015basic/texmf-dis
t/fonts/type1/public/amsfonts/cm/cmti12.pfb></usr/local/texlive/2015basic/texmf
-dist/fonts/type1/public/amsfonts/cm/cmtt12.pfb>
Output written on main.pdf (29 pages, 449600 bytes).
PDF statistics:
 400 PDF objects out of 1000 (max. 8388607)
 295 compressed objects within 3 object streams
 48 named destinations out of 1000 (max. 500000)
 227 words of extra memory for PDF output out of 10000 (max. 10000000)

